0 info it worked if it ends with ok
1 verbose cli [ '/home/ec2-user/.nvm/versions/node/v6.14.4/bin/node',
1 verbose cli   '/home/ec2-user/.nvm/versions/node/v6.14.4/bin/npm',
1 verbose cli   'run',
1 verbose cli   'dist' ]
2 info using npm@3.10.10
3 info using node@v6.14.4
4 verbose run-script [ 'predist', 'dist', 'postdist' ]
5 info lifecycle aframe-firebase-component@4.0.3~predist: aframe-firebase-component@4.0.3
6 silly lifecycle aframe-firebase-component@4.0.3~predist: no script for predist, continuing
7 info lifecycle aframe-firebase-component@4.0.3~dist: aframe-firebase-component@4.0.3
8 verbose lifecycle aframe-firebase-component@4.0.3~dist: unsafe-perm in lifecycle true
9 verbose lifecycle aframe-firebase-component@4.0.3~dist: PATH: /home/ec2-user/.nvm/versions/node/v6.14.4/lib/node_modules/npm/bin/node-gyp-bin:/home/ec2-user/environment/trainman/modified_modules/aframe-firebase-component/node_modules/.bin:/home/ec2-user/.nvm/versions/node/v6.14.4/bin:/usr/local/rvm/gems/ruby-2.4.1/bin:/usr/local/rvm/gems/ruby-2.4.1@global/bin:/usr/local/rvm/rubies/ruby-2.4.1/bin:/usr/local/bin:/bin:/usr/bin:/home/ec2-user/.local/bin:/home/ec2-user/bin:/usr/local/sbin:/usr/sbin:/sbin:/opt/aws/bin:/home/ec2-user/.local/bin:/home/ec2-user/bin:/home/ec2-user/.local/bin:/home/ec2-user/bin:/opt/aws/bin:/usr/local/rvm/bin:/home/ec2-user/.local/bin:/home/ec2-user/bin:/home/ec2-user/.local/bin:/home/ec2-user/bin
10 verbose lifecycle aframe-firebase-component@4.0.3~dist: CWD: /home/ec2-user/environment/trainman/modified_modules/aframe-firebase-component
11 silly lifecycle aframe-firebase-component@4.0.3~dist: Args: [ '-c',
11 silly lifecycle   'webpack index.js dist/aframe-firebase-component.js && webpack -p index.js dist/aframe-firebase-component.min.js' ]
12 info lifecycle aframe-firebase-component@4.0.3~dist: Failed to exec dist script
13 verbose stack Error: aframe-firebase-component@4.0.3 dist: `webpack index.js dist/aframe-firebase-component.js && webpack -p index.js dist/aframe-firebase-component.min.js`
13 verbose stack spawn ENOENT
13 verbose stack     at ChildProcess.<anonymous> (/home/ec2-user/.nvm/versions/node/v6.14.4/lib/node_modules/npm/lib/utils/spawn.js:33:16)
13 verbose stack     at emitTwo (events.js:106:13)
13 verbose stack     at ChildProcess.emit (events.js:191:7)
13 verbose stack     at maybeClose (internal/child_process.js:920:16)
13 verbose stack     at Process.ChildProcess._handle.onexit (internal/child_process.js:230:5)
14 verbose pkgid aframe-firebase-component@4.0.3
15 verbose cwd /home/ec2-user/environment/trainman/modified_modules/aframe-firebase-component
16 error Linux 4.14.70-67.55.amzn1.x86_64
17 error argv "/home/ec2-user/.nvm/versions/node/v6.14.4/bin/node" "/home/ec2-user/.nvm/versions/node/v6.14.4/bin/npm" "run" "dist"
18 error node v6.14.4
19 error npm  v3.10.10
20 error file sh
21 error code ELIFECYCLE
22 error errno ENOENT
23 error syscall spawn
24 error aframe-firebase-component@4.0.3 dist: `webpack index.js dist/aframe-firebase-component.js && webpack -p index.js dist/aframe-firebase-component.min.js`
24 error spawn ENOENT
25 error Failed at the aframe-firebase-component@4.0.3 dist script 'webpack index.js dist/aframe-firebase-component.js && webpack -p index.js dist/aframe-firebase-component.min.js'.
25 error Make sure you have the latest version of node.js and npm installed.
25 error If you do, this is most likely a problem with the aframe-firebase-component package,
25 error not with npm itself.
25 error Tell the author that this fails on your system:
25 error     webpack index.js dist/aframe-firebase-component.js && webpack -p index.js dist/aframe-firebase-component.min.js
25 error You can get information on how to open an issue for this project with:
25 error     npm bugs aframe-firebase-component
25 error Or if that isn't available, you can get their info via:
25 error     npm owner ls aframe-firebase-component
25 error There is likely additional logging output above.
26 verbose exit [ 1, true ]
